<?xml version="1.0" encoding="UTF-8"?>
<testsuite xmlns:xsi="http://www.w3.org/2001/XMLSchema-instance" xsi:noNamespaceSchemaLocation="https://maven.apache.org/surefire/maven-surefire-plugin/xsd/surefire-test-report-3.0.xsd" version="3.0" name="runners.TestRunner" time="42.04" tests="3" errors="0" skipped="0" failures="0">
  <properties>
[...]
</properties>
  <testcase name="Busca com palavra chave direta" classname="Busca de artigos" time="18.209">
    <system-out><![CDATA[Funcionalidade: Busca de artigos
    Como um usuário do AgiBlog
    Quero buscar artigos financeiros no blog
    Para encontrar informações relevantes para o meu dia a dia

  Contexto:                                     &amp#27;[90m# src/test/resources/features/AgiBlog.feature:8&amp#27;[0m
    &amp#27;[32mDado &amp#27;[0m&amp#27;[32mque estou na página inicial do AgiBlog&amp#27;[0m &amp#27;[90m# SearchAgiBlogSteps.queEstouNaPáginaInicialDoAgiBlog()&amp#27;[0m
    &amp#27;[32mQuando &amp#27;[0m&amp#27;[32meu clicar no ícone da lupa&amp#27;[0m           &amp#27;[90m# SearchAgiBlogSteps.euClicarNoÍconeDaLupa()&amp#27;[0m
    &amp#27;[32mE &amp#27;[0m&amp#27;[32mvisualizar a caixa de busca&amp#27;[0m               &amp#27;[90m# SearchAgiBlogSteps.visualizarACaixaDeBusca()&amp#27;[0m

  @testCase1
  Cenario: Busca com palavra chave direta                                                &amp#27;[90m# src/test/resources/features/AgiBlog.feature:14&amp#27;[0m
    &amp#27;[32mQuando &amp#27;[0m&amp#27;[32meu digitar uma palavra-chave válida na caixa de busca (ex: &amp#27;[0m&amp#27;[32m&amp#27;[1m"teste"&amp#27;[0m&amp#27;[32m)&amp#27;[0m           &amp#27;[90m# SearchAgiBlogSteps.euDigitarUmaPalavraChaveVálidaNaCaixaDeBuscaEx(String)&amp#27;[0m
    &amp#27;[32mE &amp#27;[0m&amp#27;[32mpressionar a tecla &amp#27;[0m&amp#27;[32m&amp#27;[1m"Enter"&amp#27;[0m                                                         &amp#27;[90m# SearchAgiBlogSteps.pressionarATecla(String)&amp#27;[0m
    &amp#27;[32mEntão &amp#27;[0m&amp#27;[32mdevo visualizar uma lista de artigos (ex: &amp#27;[0m&amp#27;[32m&amp#27;[1m"teste"&amp#27;[0m&amp#27;[32m)&amp#27;[0m                             &amp#27;[90m# SearchAgiBlogSteps.devoVisualizarUmaListaDeArtigos(String)&amp#27;[0m
    &amp#27;[32mE &amp#27;[0m&amp#27;[32mos artigos exibidos devem conter a palavra-chave inserida no título ou no conteúdo&amp#27;[0m &amp#27;[90m# SearchAgiBlogSteps.osArtigosExibidosDevemConterAPalavraChaveInseridaNoTítuloOuNoConteúdo()&amp#27;[0m
]]></system-out>
    <system-err><![CDATA[mar. 11, 2025 11:47:25 AM org.openqa.selenium.devtools.CdpVersionFinder findNearestMatch
WARNING: Unable to find an exact match for CDP version 134, returning the closest version; found: 133; Please update to a Selenium version that supports CDP version 134
]]></system-err>
  </testcase>
  <testcase name="Busca com caracteres especiais" classname="Busca de artigos" time="10.678">
    <system-out><![CDATA[
  Contexto:                                     &amp#27;[90m# src/test/resources/features/AgiBlog.feature:8&amp#27;[0m
    &amp#27;[32mDado &amp#27;[0m&amp#27;[32mque estou na página inicial do AgiBlog&amp#27;[0m &amp#27;[90m# SearchAgiBlogSteps.queEstouNaPáginaInicialDoAgiBlog()&amp#27;[0m
    &amp#27;[32mQuando &amp#27;[0m&amp#27;[32meu clicar no ícone da lupa&amp#27;[0m           &amp#27;[90m# SearchAgiBlogSteps.euClicarNoÍconeDaLupa()&amp#27;[0m
    &amp#27;[32mE &amp#27;[0m&amp#27;[32mvisualizar a caixa de busca&amp#27;[0m               &amp#27;[90m# SearchAgiBlogSteps.visualizarACaixaDeBusca()&amp#27;[0m

  @testCase2
  Cenário: Busca com caracteres especiais                                                                       &amp#27;[90m# src/test/resources/features/AgiBlog.feature:21&amp#27;[0m
    &amp#27;[32mQuando &amp#27;[0m&amp#27;[32meu digitar um termo contendo caracteres especiais (ex: &amp#27;[0m&amp#27;[32m&amp#27;[1m"R$"&amp#27;[0m&amp#27;[32m)&amp#27;[0m                                         &amp#27;[90m# SearchAgiBlogSteps.euDigitarUmTermoContendoCaracteresEspeciaisEx(String)&amp#27;[0m
    &amp#27;[32mE &amp#27;[0m&amp#27;[32mpressionar a tecla &amp#27;[0m&amp#27;[32m&amp#27;[1m"Enter"&amp#27;[0m                                                                                &amp#27;[90m# SearchAgiBlogSteps.pressionarATecla(String)&amp#27;[0m
    &amp#27;[32mEntão &amp#27;[0m&amp#27;[32mdevo visualizar uma lista de artigos (ex: &amp#27;[0m&amp#27;[32m&amp#27;[1m"R$"&amp#27;[0m&amp#27;[32m)&amp#27;[0m                                                       &amp#27;[90m# SearchAgiBlogSteps.devoVisualizarUmaListaDeArtigos(String)&amp#27;[0m
    &amp#27;[32mE &amp#27;[0m&amp#27;[32mos resultados devem tratar corretamente os caracteres especiais, retornando artigos relevantes (ex: &amp#27;[0m&amp#27;[32m&amp#27;[1m"R$"&amp#27;[0m&amp#27;[32m)&amp#27;[0m &amp#27;[90m# SearchAgiBlogSteps.osResultadosDevemTratarCorretamenteOsCaracteresEspeciaisRetornandoArtigosRelevantes(String)&amp#27;[0m
]]></system-out>
    <system-err><![CDATA[mar. 11, 2025 11:47:40 AM org.openqa.selenium.devtools.CdpVersionFinder findNearestMatch
WARNING: Unable to find an exact match for CDP version 134, returning the closest version; found: 133; Please update to a Selenium version that supports CDP version 134
mar. 11, 2025 11:47:47 AM org.openqa.selenium.remote.http.WebSocket$Listener onError
WARNING: Connection reset
java.net.SocketException: Connection reset
	at java.base/sun.nio.ch.SocketChannelImpl.throwConnectionReset(SocketChannelImpl.java:403)
	at java.base/sun.nio.ch.SocketChannelImpl.implRead(SocketChannelImpl.java:435)
	at java.base/sun.nio.ch.SocketChannelImpl.read(SocketChannelImpl.java:493)
	at java.net.http/jdk.internal.net.http.SocketTube.readAvailable(SocketTube.java:1178)
	at java.net.http/jdk.internal.net.http.SocketTube$InternalReadPublisher$InternalReadSubscription.read(SocketTube.java:841)
	at java.net.http/jdk.internal.net.http.SocketTube$SocketFlowTask.run(SocketTube.java:181)
	at java.net.http/jdk.internal.net.http.common.SequentialScheduler$SchedulableTask.run(SequentialScheduler.java:207)
	at java.net.http/jdk.internal.net.http.common.SequentialScheduler.runOrSchedule(SequentialScheduler.java:280)
	at java.net.http/jdk.internal.net.http.common.SequentialScheduler.runOrSchedule(SequentialScheduler.java:233)
	at java.net.http/jdk.internal.net.http.SocketTube$InternalReadPublisher$InternalReadSubscription.signalReadable(SocketTube.java:782)
	at java.net.http/jdk.internal.net.http.SocketTube$InternalReadPublisher$ReadEvent.signalEvent(SocketTube.java:965)
	at java.net.http/jdk.internal.net.http.SocketTube$SocketFlowEvent.handle(SocketTube.java:253)
	at java.net.http/jdk.internal.net.http.HttpClientImpl$SelectorManager.handleEvent(HttpClientImpl.java:1478)
	at java.net.http/jdk.internal.net.http.HttpClientImpl$SelectorManager.lambda$run$3(HttpClientImpl.java:1423)
	at java.base/java.util.ArrayList.forEach(ArrayList.java:1597)
	at java.net.http/jdk.internal.net.http.HttpClientImpl$SelectorManager.run(HttpClientImpl.java:1423)

]]></system-err>
  </testcase>
  <testcase name="Busca com mais de uma pagina de resultados" classname="Busca de artigos" time="12.185">
    <system-out><![CDATA[
  Contexto:                                     &amp#27;[90m# src/test/resources/features/AgiBlog.feature:8&amp#27;[0m
    &amp#27;[32mDado &amp#27;[0m&amp#27;[32mque estou na página inicial do AgiBlog&amp#27;[0m &amp#27;[90m# SearchAgiBlogSteps.queEstouNaPáginaInicialDoAgiBlog()&amp#27;[0m
    &amp#27;[32mQuando &amp#27;[0m&amp#27;[32meu clicar no ícone da lupa&amp#27;[0m           &amp#27;[90m# SearchAgiBlogSteps.euClicarNoÍconeDaLupa()&amp#27;[0m
    &amp#27;[32mE &amp#27;[0m&amp#27;[32mvisualizar a caixa de busca&amp#27;[0m               &amp#27;[90m# SearchAgiBlogSteps.visualizarACaixaDeBusca()&amp#27;[0m

  @testCase3
  Cenário: Busca com mais de uma pagina de resultados                                         &amp#27;[90m# src/test/resources/features/AgiBlog.feature:28&amp#27;[0m
    &amp#27;[32mQuando &amp#27;[0m&amp#27;[32meu digitar a palavra-chave &amp#27;[0m&amp#27;[32m&amp#27;[1m"financeiro"&amp#27;[0m                                            &amp#27;[90m# SearchAgiBlogSteps.euDigitarAPalavraChave(String)&amp#27;[0m
    &amp#27;[32mE &amp#27;[0m&amp#27;[32mpressionar a tecla &amp#27;[0m&amp#27;[32m&amp#27;[1m"Enter"&amp#27;[0m                                                              &amp#27;[90m# SearchAgiBlogSteps.pressionarATecla(String)&amp#27;[0m
    &amp#27;[32mEntão &amp#27;[0m&amp#27;[32mdevo visualizar uma lista de artigos (ex: &amp#27;[0m&amp#27;[32m&amp#27;[1m"financeiro"&amp#27;[0m&amp#27;[32m)&amp#27;[0m                             &amp#27;[90m# SearchAgiBlogSteps.devoVisualizarUmaListaDeArtigos(String)&amp#27;[0m
    &amp#27;[32mE &amp#27;[0m&amp#27;[32mse houver mais de uma página de resultados, deve ser exibida a paginação para navegação&amp#27;[0m &amp#27;[90m# SearchAgiBlogSteps.seHouverMaisDeUmaPáginaDeResultadosDeveSerExibidaAPaginaçãoParaNavegação()&amp#27;[0m
]]></system-out>
    <system-err><![CDATA[mar. 11, 2025 11:47:51 AM org.openqa.selenium.devtools.CdpVersionFinder findNearestMatch
WARNING: Unable to find an exact match for CDP version 134, returning the closest version; found: 133; Please update to a Selenium version that supports CDP version 134
mar. 11, 2025 11:47:59 AM org.openqa.selenium.remote.http.WebSocket$Listener onError
WARNING: Connection reset
java.net.SocketException: Connection reset
	at java.base/sun.nio.ch.SocketChannelImpl.throwConnectionReset(SocketChannelImpl.java:403)
	at java.base/sun.nio.ch.SocketChannelImpl.implRead(SocketChannelImpl.java:435)
	at java.base/sun.nio.ch.SocketChannelImpl.read(SocketChannelImpl.java:493)
	at java.net.http/jdk.internal.net.http.SocketTube.readAvailable(SocketTube.java:1178)
	at java.net.http/jdk.internal.net.http.SocketTube$InternalReadPublisher$InternalReadSubscription.read(SocketTube.java:841)
	at java.net.http/jdk.internal.net.http.SocketTube$SocketFlowTask.run(SocketTube.java:181)
	at java.net.http/jdk.internal.net.http.common.SequentialScheduler$SchedulableTask.run(SequentialScheduler.java:207)
	at java.net.http/jdk.internal.net.http.common.SequentialScheduler.runOrSchedule(SequentialScheduler.java:280)
	at java.net.http/jdk.internal.net.http.common.SequentialScheduler.runOrSchedule(SequentialScheduler.java:233)
	at java.net.http/jdk.internal.net.http.SocketTube$InternalReadPublisher$InternalReadSubscription.signalReadable(SocketTube.java:782)
	at java.net.http/jdk.internal.net.http.SocketTube$InternalReadPublisher$ReadEvent.signalEvent(SocketTube.java:965)
	at java.net.http/jdk.internal.net.http.SocketTube$SocketFlowEvent.handle(SocketTube.java:253)
	at java.net.http/jdk.internal.net.http.HttpClientImpl$SelectorManager.handleEvent(HttpClientImpl.java:1478)
	at java.net.http/jdk.internal.net.http.HttpClientImpl$SelectorManager.lambda$run$3(HttpClientImpl.java:1423)
	at java.base/java.util.ArrayList.forEach(ArrayList.java:1597)
	at java.net.http/jdk.internal.net.http.HttpClientImpl$SelectorManager.run(HttpClientImpl.java:1423)

]]></system-err>
  </testcase>
</testsuite>